<?xml version="1.0" encoding="UTF-8"?>
<testsuite xmlns:xsi="http://www.w3.org/2001/XMLSchema-instance" xsi:noNamespaceSchemaLocation="https://maven.apache.org/surefire/maven-surefire-plugin/xsd/surefire-test-report.xsd" name="com.baz.wizeline.javamaven.configuration.KafkaConfigurationTest" time="0.394" tests="2" errors="0" skipped="0" failures="0">
  <properties>
[...]
</properties>
  <testcase name="consumerFactory" classname="com.baz.wizeline.javamaven.configuration.KafkaConfigurationTest" time="0.077"/>
  <testcase name="producerFactory" classname="com.baz.wizeline.javamaven.configuration.KafkaConfigurationTest" time="0.026"/>
</testsuite>